TN:
SF:dist\app.js
FN:4,sumar
FN:8,CalcProdTotal
FN:12,CalcSubTotal
FN:16,CalcTotalT
FNF:4
FNH:4
FNDA:1,sumar
FNDA:1,CalcProdTotal
FNDA:1,CalcSubTotal
FNDA:1,CalcTotalT
DA:2,1
DA:3,1
DA:5,1
DA:7,1
DA:9,1
DA:11,1
DA:13,1
DA:15,1
DA:17,1
DA:19,1
LF:10
LH:10
BRF:0
BRH:0
end_of_record
TN:
SF:src\app.ts
FN:1,sumar
FN:12,(anonymous_1)
FN:20,(anonymous_2)
FN:24,(anonymous_3)
FN:36,(anonymous_4)
FN:37,(anonymous_5)
FN:40,(anonymous_6)
FN:44,(anonymous_7)
FN:49,(anonymous_8)
FNF:9
FNH:8
FNDA:1,sumar
FNDA:2,(anonymous_1)
FNDA:2,(anonymous_2)
FNDA:0,(anonymous_3)
FNDA:3,(anonymous_4)
FNDA:4,(anonymous_5)
FNDA:2,(anonymous_6)
FNDA:2,(anonymous_7)
FNDA:2,(anonymous_8)
DA:1,1
DA:2,1
DA:12,1
DA:13,2
DA:14,2
DA:15,2
DA:18,2
DA:21,2
DA:22,1
DA:24,1
DA:25,1
DA:26,0
DA:27,0
DA:29,1
DA:30,1
DA:31,1
DA:37,4
DA:41,2
DA:45,2
DA:46,2
DA:50,2
DA:51,2
DA:57,1
DA:58,1
DA:59,1
DA:60,1
DA:61,1
LF:27
LH:25
BRDA:21,0,0,1
BRDA:21,0,1,1
BRDA:25,1,0,0
BRDA:25,1,1,1
BRF:4
BRH:3
end_of_record
